<?xml version="1.0" encoding="UTF-8"?>
<!-- Generated by org.testng.reporters.JUnitReportReporter -->
<testsuite hostname="Abhijith" failures="0" tests="1" name="wishList.TC_001_Test" time="8.017" errors="0" timestamp="2023-07-21T12:14:55 IST" skipped="0">
  <testcase classname="wishList.TC_001_Test" name="demo" time="8.017"/>
  <system-out/>
</testsuite> <!-- wishList.TC_001_Test -->
